{"/Users/ruthuwemedimo/Documents/FAC6/week6/project/lxdata/router.js":{"path":"/Users/ruthuwemedimo/Documents/FAC6/week6/project/lxdata/router.js","s":{"1":1,"2":1,"3":1,"4":4,"5":4,"6":3,"7":1},"b":{"1":[3,1]},"f":{"1":4},"fnMap":{"1":{"name":"(anonymous_1)","line":11,"loc":{"start":{"line":11,"column":17},"end":{"line":11,"column":37}}}},"statementMap":{"1":{"start":{"line":1,"column":0},"end":{"line":1,"column":37}},"2":{"start":{"line":3,"column":0},"end":{"line":9,"column":2}},"3":{"start":{"line":11,"column":0},"end":{"line":18,"column":2}},"4":{"start":{"line":12,"column":2},"end":{"line":12,"column":23}},"5":{"start":{"line":13,"column":4},"end":{"line":17,"column":5}},"6":{"start":{"line":14,"column":1},"end":{"line":14,"column":27}},"7":{"start":{"line":16,"column":1},"end":{"line":16,"column":25}}},"branchMap":{"1":{"line":13,"type":"if","locations":[{"start":{"line":13,"column":4},"end":{"line":13,"column":4}},{"start":{"line":13,"column":4},"end":{"line":13,"column":4}}]}}},"/Users/ruthuwemedimo/Documents/FAC6/week6/project/lxdata/handlers.js":{"path":"/Users/ruthuwemedimo/Documents/FAC6/week6/project/lxdata/handlers.js","s":{"1":1,"2":1,"3":1,"4":1,"5":1,"6":1,"7":1,"8":1,"9":1,"10":1,"11":1,"12":1,"13":1,"14":1,"15":1,"16":1,"17":1,"18":1,"19":1,"20":1,"21":1,"22":1,"23":1,"24":1,"25":1,"26":1,"27":1,"28":1,"29":1},"b":{"1":[1,0],"2":[1,1]},"f":{"1":1,"2":1,"3":1,"4":1,"5":1,"6":1},"fnMap":{"1":{"name":"(anonymous_1)","line":16,"loc":{"start":{"line":16,"column":16},"end":{"line":16,"column":35}}},"2":{"name":"(anonymous_2)","line":21,"loc":{"start":{"line":21,"column":16},"end":{"line":21,"column":34}}},"3":{"name":"(anonymous_3)","line":28,"loc":{"start":{"line":28,"column":15},"end":{"line":28,"column":33}}},"4":{"name":"(anonymous_4)","line":30,"loc":{"start":{"line":30,"column":119},"end":{"line":30,"column":151}}},"5":{"name":"getRandomTubeLine","line":38,"loc":{"start":{"line":38,"column":0},"end":{"line":38,"column":30}}},"6":{"name":"(anonymous_6)","line":43,"loc":{"start":{"line":43,"column":20},"end":{"line":43,"column":38}}}},"statementMap":{"1":{"start":{"line":1,"column":0},"end":{"line":1,"column":35}},"2":{"start":{"line":2,"column":0},"end":{"line":2,"column":33}},"3":{"start":{"line":3,"column":0},"end":{"line":3,"column":23}},"4":{"start":{"line":4,"column":0},"end":{"line":4,"column":62}},"5":{"start":{"line":6,"column":0},"end":{"line":6,"column":42}},"6":{"start":{"line":7,"column":0},"end":{"line":7,"column":30}},"7":{"start":{"line":8,"column":0},"end":{"line":8,"column":32}},"8":{"start":{"line":10,"column":0},"end":{"line":10,"column":28}},"9":{"start":{"line":12,"column":0},"end":{"line":14,"column":2}},"10":{"start":{"line":16,"column":0},"end":{"line":19,"column":2}},"11":{"start":{"line":17,"column":2},"end":{"line":17,"column":30}},"12":{"start":{"line":18,"column":2},"end":{"line":18,"column":17}},"13":{"start":{"line":21,"column":0},"end":{"line":26,"column":2}},"14":{"start":{"line":22,"column":4},"end":{"line":22,"column":52}},"15":{"start":{"line":23,"column":4},"end":{"line":23,"column":38}},"16":{"start":{"line":24,"column":4},"end":{"line":24,"column":57}},"17":{"start":{"line":25,"column":4},"end":{"line":25,"column":18}},"18":{"start":{"line":28,"column":0},"end":{"line":36,"column":2}},"19":{"start":{"line":29,"column":2},"end":{"line":29,"column":30}},"20":{"start":{"line":30,"column":2},"end":{"line":35,"column":5}},"21":{"start":{"line":31,"column":4},"end":{"line":34,"column":5}},"22":{"start":{"line":32,"column":4},"end":{"line":32,"column":22}},"23":{"start":{"line":33,"column":4},"end":{"line":33,"column":18}},"24":{"start":{"line":38,"column":0},"end":{"line":41,"column":1}},"25":{"start":{"line":39,"column":2},"end":{"line":39,"column":47}},"26":{"start":{"line":40,"column":2},"end":{"line":40,"column":21}},"27":{"start":{"line":43,"column":0},"end":{"line":46,"column":2}},"28":{"start":{"line":44,"column":4},"end":{"line":44,"column":32}},"29":{"start":{"line":45,"column":4},"end":{"line":45,"column":34}}},"branchMap":{"1":{"line":31,"type":"if","locations":[{"start":{"line":31,"column":4},"end":{"line":31,"column":4}},{"start":{"line":31,"column":4},"end":{"line":31,"column":4}}]},"2":{"line":31,"type":"binary-expr","locations":[{"start":{"line":31,"column":8},"end":{"line":31,"column":14}},{"start":{"line":31,"column":18},"end":{"line":31,"column":44}}]}}}}