TN:
SF:/Users/ruthuwemedimo/Documents/FAC6/week6/project/lxdata/router.js
FN:11,(anonymous_1)
FNF:1
FNH:1
FNDA:4,(anonymous_1)
DA:1,1
DA:3,1
DA:11,1
DA:12,4
DA:13,4
DA:14,3
DA:16,1
LF:7
LH:7
BRDA:13,1,0,3
BRDA:13,1,1,1
BRF:2
BRH:2
end_of_record
TN:
SF:/Users/ruthuwemedimo/Documents/FAC6/week6/project/lxdata/handlers.js
FN:16,(anonymous_1)
FN:21,(anonymous_2)
FN:28,(anonymous_3)
FN:30,(anonymous_4)
FN:38,getRandomTubeLine
FN:43,(anonymous_6)
FNF:6
FNH:6
FNDA:1,(anonymous_1)
FNDA:1,(anonymous_2)
FNDA:1,(anonymous_3)
FNDA:1,(anonymous_4)
FNDA:1,getRandomTubeLine
FNDA:1,(anonymous_6)
DA:1,1
DA:2,1
DA:3,1
DA:4,1
DA:6,1
DA:7,1
DA:8,1
DA:10,1
DA:12,1
DA:16,1
DA:17,1
DA:18,1
DA:21,1
DA:22,1
DA:23,1
DA:24,1
DA:25,1
DA:28,1
DA:29,1
DA:30,1
DA:31,1
DA:32,1
DA:33,1
DA:38,1
DA:39,1
DA:40,1
DA:43,1
DA:44,1
DA:45,1
LF:29
LH:29
BRDA:31,1,0,1
BRDA:31,1,1,0
BRDA:31,2,0,1
BRDA:31,2,1,1
BRF:4
BRH:3
end_of_record
